<?xml version="1.0" encoding="UTF-8"?>
<testng-results ignored="0" total="15" passed="12" failed="3" skipped="0">
  <reporter-output>
  </reporter-output>
  <suite started-at="2024-12-20T12:59:59 IST" name="Default suite" finished-at="2024-12-20T13:01:45 IST" duration-ms="105808">
    <groups>
    </groups>
    <test started-at="2024-12-20T12:59:59 IST" name="Default test" finished-at="2024-12-20T13:01:45 IST" duration-ms="105808">
      <class name="com.tka.testcases.UsefulLink">
        <test-method signature="table()[pri:0, instance:com.tka.testcases.UsefulLink@130161f7]" started-at="2024-12-20T12:59:59 IST" name="table" finished-at="2024-12-20T13:00:07 IST" duration-ms="7860" status="PASS">
          <reporter-output>
          </reporter-output>
        </test-method> <!-- table -->
        <test-method signature="testCoursesGoClick()[pri:0, instance:com.tka.testcases.UsefulLink@130161f7]" started-at="2024-12-20T13:00:07 IST" name="testCoursesGoClick" finished-at="2024-12-20T13:00:13 IST" duration-ms="6336" status="PASS">
          <reporter-output>
          </reporter-output>
        </test-method> <!-- testCoursesGoClick -->
        <test-method signature="testCoursesText()[pri:0, instance:com.tka.testcases.UsefulLink@130161f7]" started-at="2024-12-20T13:00:13 IST" name="testCoursesText" finished-at="2024-12-20T13:00:19 IST" duration-ms="6127" status="PASS">
          <reporter-output>
          </reporter-output>
        </test-method> <!-- testCoursesText -->
        <test-method signature="testJavaInterviewQueGoClick()[pri:0, instance:com.tka.testcases.UsefulLink@130161f7]" started-at="2024-12-20T13:00:19 IST" name="testJavaInterviewQueGoClick" finished-at="2024-12-20T13:00:27 IST" duration-ms="7973" status="PASS">
          <reporter-output>
          </reporter-output>
        </test-method> <!-- testJavaInterviewQueGoClick -->
        <test-method signature="testJavaInterviewQueText()[pri:0, instance:com.tka.testcases.UsefulLink@130161f7]" started-at="2024-12-20T13:00:27 IST" name="testJavaInterviewQueText" finished-at="2024-12-20T13:00:35 IST" duration-ms="7858" status="FAIL">
          <exception class="java.lang.AssertionError">
            <message>
              <![CDATA[expected [JavaInterviewQuestion] but found [Java Interview Questions]]]>
            </message>
            <full-stacktrace>
              <![CDATA[java.lang.AssertionError: expected [JavaInterviewQuestion] but found [Java Interview Questions]
at org.testng.Assert.fail(Assert.java:99)
at org.testng.Assert.failNotEquals(Assert.java:1037)
at org.testng.Assert.assertEqualsImpl(Assert.java:140)
at org.testng.Assert.assertEquals(Assert.java:122)
at org.testng.Assert.assertEquals(Assert.java:629)
at org.testng.Assert.assertEquals(Assert.java:639)
at com.tka.testcases.UsefulLink.testJavaInterviewQueText(UsefulLink.java:96)
at java.base/jdk.internal.reflect.DirectMethodHandleAccessor.invoke(DirectMethodHandleAccessor.java:103)
at java.base/java.lang.reflect.Method.invoke(Method.java:580)
at org.testng.internal.MethodInvocationHelper.invokeMethod(MethodInvocationHelper.java:133)
at org.testng.internal.TestInvoker.invokeMethod(TestInvoker.java:598)
at org.testng.internal.TestInvoker.invokeTestMethod(TestInvoker.java:173)
at org.testng.internal.MethodRunner.runInSequence(MethodRunner.java:46)
at org.testng.internal.TestInvoker$MethodInvocationAgent.invoke(TestInvoker.java:824)
at org.testng.internal.TestInvoker.invokeTestMethods(TestInvoker.java:146)
at org.testng.internal.TestMethodWorker.invokeTestMethods(TestMethodWorker.java:146)
at org.testng.internal.TestMethodWorker.run(TestMethodWorker.java:128)
at java.base/java.util.ArrayList.forEach(ArrayList.java:1596)
at org.testng.TestRunner.privateRun(TestRunner.java:794)
at org.testng.TestRunner.run(TestRunner.java:596)
at org.testng.SuiteRunner.runTest(SuiteRunner.java:377)
at org.testng.SuiteRunner.runSequentially(SuiteRunner.java:371)
at org.testng.SuiteRunner.privateRun(SuiteRunner.java:332)
at org.testng.SuiteRunner.run(SuiteRunner.java:276)
at org.testng.SuiteRunnerWorker.runSuite(SuiteRunnerWorker.java:53)
at org.testng.SuiteRunnerWorker.run(SuiteRunnerWorker.java:96)
at org.testng.TestNG.runSuitesSequentially(TestNG.java:1212)
at org.testng.TestNG.runSuitesLocally(TestNG.java:1134)
at org.testng.TestNG.runSuites(TestNG.java:1063)
at org.testng.TestNG.run(TestNG.java:1031)
at org.testng.remote.AbstractRemoteTestNG.run(AbstractRemoteTestNG.java:115)
at org.testng.remote.RemoteTestNG.initAndRun(RemoteTestNG.java:293)
at org.testng.remote.RemoteTestNG.main(RemoteTestNG.java:91)
]]>
            </full-stacktrace>
          </exception> <!-- java.lang.AssertionError -->
          <reporter-output>
          </reporter-output>
        </test-method> <!-- testJavaInterviewQueText -->
        <test-method signature="testPlacementGoClick()[pri:0, instance:com.tka.testcases.UsefulLink@130161f7]" started-at="2024-12-20T13:00:35 IST" name="testPlacementGoClick" finished-at="2024-12-20T13:00:43 IST" duration-ms="7284" status="PASS">
          <reporter-output>
          </reporter-output>
        </test-method> <!-- testPlacementGoClick -->
        <test-method signature="testPlacementText()[pri:0, instance:com.tka.testcases.UsefulLink@130161f7]" started-at="2024-12-20T13:00:43 IST" name="testPlacementText" finished-at="2024-12-20T13:00:51 IST" duration-ms="7965" status="PASS">
          <reporter-output>
          </reporter-output>
        </test-method> <!-- testPlacementText -->
        <test-method signature="testScheduleGoClick()[pri:0, instance:com.tka.testcases.UsefulLink@130161f7]" started-at="2024-12-20T13:00:51 IST" name="testScheduleGoClick" finished-at="2024-12-20T13:00:58 IST" duration-ms="7061" status="PASS">
          <reporter-output>
          </reporter-output>
        </test-method> <!-- testScheduleGoClick -->
        <test-method signature="testScheduletext()[pri:0, instance:com.tka.testcases.UsefulLink@130161f7]" started-at="2024-12-20T13:00:58 IST" name="testScheduletext" finished-at="2024-12-20T13:01:05 IST" duration-ms="6969" status="PASS">
          <reporter-output>
          </reporter-output>
        </test-method> <!-- testScheduletext -->
        <test-method signature="testSeleniumInterviewQueGoClick()[pri:0, instance:com.tka.testcases.UsefulLink@130161f7]" started-at="2024-12-20T13:01:05 IST" name="testSeleniumInterviewQueGoClick" finished-at="2024-12-20T13:01:11 IST" duration-ms="6598" status="PASS">
          <reporter-output>
          </reporter-output>
        </test-method> <!-- testSeleniumInterviewQueGoClick -->
        <test-method signature="testSeleniumInterviewQueText()[pri:0, instance:com.tka.testcases.UsefulLink@130161f7]" started-at="2024-12-20T13:01:11 IST" name="testSeleniumInterviewQueText" finished-at="2024-12-20T13:01:18 IST" duration-ms="6583" status="FAIL">
          <exception class="java.lang.AssertionError">
            <message>
              <![CDATA[expected [SeleniumInterviewQuestion] but found [Selenium Interview Questions]]]>
            </message>
            <full-stacktrace>
              <![CDATA[java.lang.AssertionError: expected [SeleniumInterviewQuestion] but found [Selenium Interview Questions]
at org.testng.Assert.fail(Assert.java:99)
at org.testng.Assert.failNotEquals(Assert.java:1037)
at org.testng.Assert.assertEqualsImpl(Assert.java:140)
at org.testng.Assert.assertEquals(Assert.java:122)
at org.testng.Assert.assertEquals(Assert.java:629)
at org.testng.Assert.assertEquals(Assert.java:639)
at com.tka.testcases.UsefulLink.testSeleniumInterviewQueText(UsefulLink.java:79)
at java.base/jdk.internal.reflect.DirectMethodHandleAccessor.invoke(DirectMethodHandleAccessor.java:103)
at java.base/java.lang.reflect.Method.invoke(Method.java:580)
at org.testng.internal.MethodInvocationHelper.invokeMethod(MethodInvocationHelper.java:133)
at org.testng.internal.TestInvoker.invokeMethod(TestInvoker.java:598)
at org.testng.internal.TestInvoker.invokeTestMethod(TestInvoker.java:173)
at org.testng.internal.MethodRunner.runInSequence(MethodRunner.java:46)
at org.testng.internal.TestInvoker$MethodInvocationAgent.invoke(TestInvoker.java:824)
at org.testng.internal.TestInvoker.invokeTestMethods(TestInvoker.java:146)
at org.testng.internal.TestMethodWorker.invokeTestMethods(TestMethodWorker.java:146)
at org.testng.internal.TestMethodWorker.run(TestMethodWorker.java:128)
at java.base/java.util.ArrayList.forEach(ArrayList.java:1596)
at org.testng.TestRunner.privateRun(TestRunner.java:794)
at org.testng.TestRunner.run(TestRunner.java:596)
at org.testng.SuiteRunner.runTest(SuiteRunner.java:377)
at org.testng.SuiteRunner.runSequentially(SuiteRunner.java:371)
at org.testng.SuiteRunner.privateRun(SuiteRunner.java:332)
at org.testng.SuiteRunner.run(SuiteRunner.java:276)
at org.testng.SuiteRunnerWorker.runSuite(SuiteRunnerWorker.java:53)
at org.testng.SuiteRunnerWorker.run(SuiteRunnerWorker.java:96)
at org.testng.TestNG.runSuitesSequentially(TestNG.java:1212)
at org.testng.TestNG.runSuitesLocally(TestNG.java:1134)
at org.testng.TestNG.runSuites(TestNG.java:1063)
at org.testng.TestNG.run(TestNG.java:1031)
at org.testng.remote.AbstractRemoteTestNG.run(AbstractRemoteTestNG.java:115)
at org.testng.remote.RemoteTestNG.initAndRun(RemoteTestNG.java:293)
at org.testng.remote.RemoteTestNG.main(RemoteTestNG.java:91)
]]>
            </full-stacktrace>
          </exception> <!-- java.lang.AssertionError -->
          <reporter-output>
          </reporter-output>
        </test-method> <!-- testSeleniumInterviewQueText -->
        <test-method signature="testSubTitle()[pri:0, instance:com.tka.testcases.UsefulLink@130161f7]" started-at="2024-12-20T13:01:18 IST" name="testSubTitle" finished-at="2024-12-20T13:01:24 IST" duration-ms="6147" status="PASS">
          <reporter-output>
          </reporter-output>
        </test-method> <!-- testSubTitle -->
        <test-method signature="testUsefulLinkTitle()[pri:0, instance:com.tka.testcases.UsefulLink@130161f7]" started-at="2024-12-20T13:01:24 IST" name="testUsefulLinkTitle" finished-at="2024-12-20T13:01:31 IST" duration-ms="6848" status="PASS">
          <reporter-output>
          </reporter-output>
        </test-method> <!-- testUsefulLinkTitle -->
        <test-method signature="testVideoLacturesAllTopicsGoClick()[pri:0, instance:com.tka.testcases.UsefulLink@130161f7]" started-at="2024-12-20T13:01:31 IST" name="testVideoLacturesAllTopicsGoClick" finished-at="2024-12-20T13:01:38 IST" duration-ms="6983" status="PASS">
          <reporter-output>
          </reporter-output>
        </test-method> <!-- testVideoLacturesAllTopicsGoClick -->
        <test-method signature="testVideoLacturesAllTopicsText()[pri:0, instance:com.tka.testcases.UsefulLink@130161f7]" started-at="2024-12-20T13:01:38 IST" name="testVideoLacturesAllTopicsText" finished-at="2024-12-20T13:01:45 IST" duration-ms="7101" status="FAIL">
          <exception class="java.lang.AssertionError">
            <message>
              <![CDATA[expected [VideoLacturesAllTopics] but found [Video Lactures All Topics]]]>
            </message>
            <full-stacktrace>
              <![CDATA[java.lang.AssertionError: expected [VideoLacturesAllTopics] but found [Video Lactures All Topics]
at org.testng.Assert.fail(Assert.java:99)
at org.testng.Assert.failNotEquals(Assert.java:1037)
at org.testng.Assert.assertEqualsImpl(Assert.java:140)
at org.testng.Assert.assertEquals(Assert.java:122)
at org.testng.Assert.assertEquals(Assert.java:629)
at org.testng.Assert.assertEquals(Assert.java:639)
at com.tka.testcases.UsefulLink.testVideoLacturesAllTopicsText(UsefulLink.java:62)
at java.base/jdk.internal.reflect.DirectMethodHandleAccessor.invoke(DirectMethodHandleAccessor.java:103)
at java.base/java.lang.reflect.Method.invoke(Method.java:580)
at org.testng.internal.MethodInvocationHelper.invokeMethod(MethodInvocationHelper.java:133)
at org.testng.internal.TestInvoker.invokeMethod(TestInvoker.java:598)
at org.testng.internal.TestInvoker.invokeTestMethod(TestInvoker.java:173)
at org.testng.internal.MethodRunner.runInSequence(MethodRunner.java:46)
at org.testng.internal.TestInvoker$MethodInvocationAgent.invoke(TestInvoker.java:824)
at org.testng.internal.TestInvoker.invokeTestMethods(TestInvoker.java:146)
at org.testng.internal.TestMethodWorker.invokeTestMethods(TestMethodWorker.java:146)
at org.testng.internal.TestMethodWorker.run(TestMethodWorker.java:128)
at java.base/java.util.ArrayList.forEach(ArrayList.java:1596)
at org.testng.TestRunner.privateRun(TestRunner.java:794)
at org.testng.TestRunner.run(TestRunner.java:596)
at org.testng.SuiteRunner.runTest(SuiteRunner.java:377)
at org.testng.SuiteRunner.runSequentially(SuiteRunner.java:371)
at org.testng.SuiteRunner.privateRun(SuiteRunner.java:332)
at org.testng.SuiteRunner.run(SuiteRunner.java:276)
at org.testng.SuiteRunnerWorker.runSuite(SuiteRunnerWorker.java:53)
at org.testng.SuiteRunnerWorker.run(SuiteRunnerWorker.java:96)
at org.testng.TestNG.runSuitesSequentially(TestNG.java:1212)
at org.testng.TestNG.runSuitesLocally(TestNG.java:1134)
at org.testng.TestNG.runSuites(TestNG.java:1063)
at org.testng.TestNG.run(TestNG.java:1031)
at org.testng.remote.AbstractRemoteTestNG.run(AbstractRemoteTestNG.java:115)
at org.testng.remote.RemoteTestNG.initAndRun(RemoteTestNG.java:293)
at org.testng.remote.RemoteTestNG.main(RemoteTestNG.java:91)
]]>
            </full-stacktrace>
          </exception> <!-- java.lang.AssertionError -->
          <reporter-output>
          </reporter-output>
        </test-method> <!-- testVideoLacturesAllTopicsText -->
      </class> <!-- com.tka.testcases.UsefulLink -->
    </test> <!-- Default test -->
  </suite> <!-- Default suite -->
</testng-results>
